2023-10-16 23:52:50,943 - basicLogger - INFO - Retrieving BP at index 1
2023-10-16 23:52:59,242 - basicLogger - INFO - Retrieving BP at index 1
2023-10-16 23:53:17,868 - basicLogger - INFO - Retrieving BP at index 2
2023-10-16 23:54:16,956 - basicLogger - INFO - Retrieving BP at index 2
2023-10-16 23:55:35,086 - basicLogger - INFO - Retrieving BP at index 2
2023-10-16 23:56:07,896 - basicLogger - INFO - Retrieving BP at index 2
2023-10-16 23:56:57,509 - basicLogger - INFO - Retrieving BP at index 2
2023-10-16 23:57:40,733 - basicLogger - INFO - Retrieving BP at index 1
2023-10-16 23:57:49,160 - basicLogger - INFO - Retrieving BP at index 1
2023-10-16 23:59:37,765 - basicLogger - INFO - Retrieving BP at index 1
2023-10-17 00:00:56,075 - basicLogger - INFO - Retrieving BP at index 1
2023-10-17 00:01:22,345 - basicLogger - INFO - Retrieving BP at index 1
2023-10-17 00:02:10,620 - basicLogger - INFO - Retrieving BP at index 1
2023-10-17 00:05:34,653 - basicLogger - INFO - Retrieving BP at index 1
2023-10-17 00:05:43,652 - basicLogger - INFO - Retrieving BP at index 100
2023-10-17 00:05:51,133 - basicLogger - INFO - Retrieving BP at index 2
2023-10-17 00:09:02,431 - basicLogger - INFO - Retrieving BP at index 5
2023-10-17 00:09:08,141 - basicLogger - INFO - Retrieving BP at index 20
2023-10-17 00:09:13,708 - basicLogger - INFO - Retrieving BP at index 10000000
2023-10-17 00:09:15,027 - basicLogger - ERROR - No more messages found
2023-10-17 00:09:15,027 - basicLogger - ERROR - Could not find BP at index 10000000
2023-10-17 00:09:24,780 - basicLogger - INFO - Retrieving BP at index 100
2023-10-17 00:09:29,497 - basicLogger - INFO - Retrieving BP at index 500
2023-10-17 00:09:30,817 - basicLogger - ERROR - No more messages found
2023-10-17 00:09:30,817 - basicLogger - ERROR - Could not find BP at index 500
2023-10-17 00:09:32,426 - basicLogger - INFO - Retrieving BP at index 200
2023-10-17 00:09:33,740 - basicLogger - ERROR - No more messages found
2023-10-17 00:09:33,741 - basicLogger - ERROR - Could not find BP at index 200
2023-10-17 00:09:40,007 - basicLogger - INFO - Retrieving BP at index 150
2023-10-17 00:09:41,329 - basicLogger - ERROR - No more messages found
2023-10-17 00:09:41,329 - basicLogger - ERROR - Could not find BP at index 150
2023-10-17 09:05:25,842 - basicLogger - INFO - Retrieving BP at index 150
2023-10-17 09:05:27,157 - basicLogger - ERROR - No more messages found
2023-10-17 09:05:27,157 - basicLogger - ERROR - Could not find BP at index 150
2023-10-17 09:05:32,817 - basicLogger - INFO - Retrieving BP at index 1
2023-10-17 09:05:39,144 - basicLogger - INFO - Retrieving BP at index 90
2023-10-17 12:09:16,114 - basicLogger - INFO - Retrieving BP at index 90
2023-10-17 12:34:52,806 - basicLogger - INFO - Retrieving BP at index 90
2023-10-17 12:34:58,793 - basicLogger - INFO - Retrieving BP at index 300
2023-10-19 08:12:15,144 - basicLogger - INFO - Retrieving employee at index 300
2023-10-19 08:12:16,427 - basicLogger - ERROR - No more messages found
2023-10-19 08:12:16,428 - basicLogger - ERROR - Could not find Employee at index 300
2023-10-19 08:12:20,177 - basicLogger - INFO - Retrieving employee at index 100
2023-10-19 09:36:35,686 - basicLogger - INFO - Retrieving employee at index 0
2023-10-19 09:36:42,185 - basicLogger - INFO - Retrieving employee at index 100
2023-10-19 09:36:50,643 - basicLogger - INFO - Retrieving employee at index 500
2023-10-19 09:36:51,934 - basicLogger - ERROR - No more messages found
2023-10-19 09:36:51,935 - basicLogger - ERROR - Could not find Employee at index 500
2023-10-19 09:36:57,468 - basicLogger - INFO - Retrieving employee at index 200
2023-10-19 09:37:05,826 - basicLogger - INFO - Retrieving employee at index 300
2023-10-19 09:37:07,870 - basicLogger - ERROR - No more messages found
2023-10-19 09:37:07,871 - basicLogger - ERROR - Could not find Employee at index 300
2023-10-19 09:37:34,703 - basicLogger - INFO - Retrieving Time Off Request at index 300
2023-10-19 09:37:36,005 - basicLogger - ERROR - No more messages found
2023-10-19 09:37:36,005 - basicLogger - ERROR - Could not find BP at index 300
2023-10-19 09:37:41,474 - basicLogger - INFO - Retrieving Time Off Request at index 200
2023-10-19 09:37:48,756 - basicLogger - INFO - Retrieving Time Off Request at index 100
2023-10-19 09:37:52,256 - basicLogger - INFO - Retrieving Time Off Request at index 0
